<?xml version="1.0" encoding="UTF-8"?>
<coverage generated="1729186192267" clover="3.2.0">
  <project timestamp="1729186192267" name="All files">
    <metrics statements="19" coveredstatements="9" conditionals="2" coveredconditionals="1" methods="2" coveredmethods="1" elements="23" coveredelements="11" complexity="0" loc="19" ncloc="19" packages="1" files="2" classes="2"/>
    <file name="App.tsx" path="C:\Users\Breno Martins\Documents\sandbox\project-01\src\App.tsx">
      <metrics statements="9" coveredstatements="9" conditionals="1" coveredconditionals="1" methods="1" coveredmethods="1"/>
      <line num="1" count="1" type="stmt"/>
      <line num="3" count="2" type="cond" truecount="1" falsecount="0"/>
      <line num="4" count="2" type="stmt"/>
      <line num="5" count="2" type="stmt"/>
      <line num="6" count="2" type="stmt"/>
      <line num="7" count="2" type="stmt"/>
      <line num="8" count="2" type="stmt"/>
      <line num="10" count="2" type="stmt"/>
      <line num="12" count="1" type="stmt"/>
    </file>
    <file name="main.tsx" path="C:\Users\Breno Martins\Documents\sandbox\project-01\src\main.tsx">
      <metrics statements="10" coveredstatements="0" conditionals="1" coveredconditionals="0" methods="1" coveredmethods="0"/>
      <line num="1" count="0" type="cond" truecount="0" falsecount="1"/>
      <line num="2" count="0" type="stmt"/>
      <line num="3" count="0" type="stmt"/>
      <line num="4" count="0" type="stmt"/>
      <line num="5" count="0" type="stmt"/>
      <line num="6" count="0" type="stmt"/>
      <line num="7" count="0" type="stmt"/>
      <line num="8" count="0" type="stmt"/>
      <line num="9" count="0" type="stmt"/>
      <line num="10" count="0" type="stmt"/>
    </file>
  </project>
</coverage>
